<?xml version="1.0" encoding="UTF-8"?>
<testsuite name="cidr.CidrBlockBuilderTest" tests="1" skipped="0" failures="0" errors="0" timestamp="2023-04-25T15:50:14" hostname="tvajjala-mac" time="0.517">
  <properties/>
  <testcase name="foundOverlappingAddressTest()" classname="cidr.CidrBlockBuilderTest" time="0.517"/>
  <system-out><![CDATA[2023-04-25 10:50:14 [     ] [Test worker] INFO  SfcpSubnet:77 - Found overlapping [10.0.128.30, 10.0.128.31]
]]></system-out>
  <system-err><![CDATA[]]></system-err>
</testsuite>
